INFO: Clicked levelButton0
INFO: Disposing levelButton0
INFO: Disposing levelButton1
INFO: Disposing levelButton2
INFO: Disposing levelButton3
INFO: Disposing levelButton4
INFO: Disposing levelButton5
INFO: Disposing levelButton6
INFO: Disposing levelButton7
INFO: Disposing mainScreenBackground
INFO: Disposing heart
INFO: Hovered Elf
INFO: Hovered Elf
INFO: Hovered Elf
INFO: Hovered Elf
INFO: Hovered Elf
INFO: Hovered Elf
INFO: Hovered Elf
INFO: Hovered Elf
INFO: Hovered Elf
INFO: Hovered Elf
INFO: Hovered Elf
INFO: Hovered Elf
INFO: Hovered Elf
INFO: Hovered Elf
INFO: Hovered Elf
INFO: Hovered Elf
INFO: Hovered Elf
INFO: Hovered Elf
INFO: Unhovered Elf
INFO: Hovered Brawler
INFO: Hovered Brawler
INFO: Hovered Brawler
INFO: Hovered Brawler
INFO: Hovered Brawler
INFO: Hovered Brawler
INFO: Hovered Brawler
INFO: Hovered Brawler
INFO: Hovered Brawler
INFO: Hovered Brawler
INFO: Hovered Brawler
INFO: Hovered Brawler
INFO: Hovered Brawler
INFO: Hovered Brawler
INFO: Hovered Brawler
INFO: Hovered Brawler
INFO: Hovered Brawler
INFO: Hovered Brawler
INFO: Unhovered Brawler
INFO: Hovered Gladiator
INFO: Hovered Gladiator
INFO: Hovered Gladiator
INFO: Hovered Gladiator
INFO: Hovered Gladiator
INFO: Hovered Gladiator
INFO: Hovered Gladiator
INFO: Hovered Gladiator
INFO: Hovered Gladiator
INFO: Hovered Gladiator
INFO: Hovered Gladiator
INFO: Hovered Gladiator
INFO: Hovered Gladiator
INFO: Hovered Gladiator
INFO: Unhovered Gladiator
INFO: Hovered Harm
INFO: Hovered Harm
INFO: Hovered Harm
INFO: Hovered Harm
INFO: Hovered Harm
INFO: Hovered Harm
INFO: Hovered Harm
INFO: Hovered Harm
INFO: Hovered Harm
INFO: Hovered Harm
INFO: Hovered Harm
INFO: Hovered Harm
INFO: Hovered Harm
INFO: Hovered Harm
INFO: Hovered Harm
INFO: Hovered Harm
INFO: Unhovered Harm
INFO: Hovered HP
INFO: Hovered HP
INFO: Hovered HP
INFO: Hovered HP
INFO: Hovered HP
INFO: Hovered HP
INFO: Hovered HP
INFO: Hovered HP
INFO: Hovered HP
INFO: Unhovered HP
INFO: Hovered Harm
INFO: Unhovered Harm
